ecs_goods:320;
ecs_goods_activity:-1;
ecs_goods_article:-1;
ecs_goods_attr:-1;
ecs_goods_cat:-1;
ecs_goods_gallery:-1;
ecs_goods_type:-1;
ecs_group_goods:-1;
ecs_keywords:-1;
ecs_link_goods:-1;
ecs_mail_templates:-1;
ecs_member_price:-1;
ecs_nav:-1;
ecs_order_action:-1;
ecs_order_goods:-1;
ecs_order_info:-1;
ecs_pack:-1;
ecs_package_goods:-1;
ecs_pay_log:-1;
ecs_payment:-1;
ecs_plugins:-1;
ecs_products:-1;
ecs_reg_extend_info:-1;
ecs_reg_fields:-1;
ecs_region:-1;
ecs_role:-1;
ecs_searchengine:-1;
ecs_shipping:-1;
ecs_shipping_area:-1;
ecs_shop_config:-1;
ecs_snatch_log:-1;
ecs_stats:-1;
ecs_suppliers:-1;
ecs_tag:-1;
ecs_template:-1;
ecs_term_meta:-1;
ecs_topic:-1;
ecs_touch_activity:-1;
ecs_touch_ad:-1;
ecs_touch_ad_position:-1;
ecs_touch_adsense:-1;
ecs_touch_article:-1;
ecs_touch_article_cat:-1;
ecs_touch_auth:-1;
ecs_touch_brand:-1;
ecs_touch_category:-1;
ecs_touch_feedback:-1;
ecs_touch_goods:-1;
ecs_touch_goods_activity:-1;
ecs_touch_nav:-1;
ecs_touch_payment:-1;
ecs_touch_shipping:-1;
ecs_touch_shipping_area:-1;
ecs_touch_shop_config:-1;
ecs_touch_template:-1;
ecs_touch_topic:-1;
ecs_touch_user_info:-1;
ecs_user_account:-1;
ecs_user_address:-1;
ecs_user_bonus:-1;
ecs_user_feed:-1;
ecs_user_rank:-1;
ecs_users:-1;
ecs_virtual_card:-1;
ecs_volume_price:-1;
ecs_vote:-1;
ecs_vote_log:-1;
ecs_vote_option:-1;
ecs_wechat:-1;
ecs_wechat_custom_message:-1;
ecs_wechat_extend:-1;
ecs_wechat_mass_history:-1;
ecs_wechat_media:-1;
ecs_wechat_menu:-1;
ecs_wechat_point:-1;
ecs_wechat_prize:-1;
ecs_wechat_qrcode:-1;
ecs_wechat_reply:-1;
ecs_wechat_rule_keywords:-1;
ecs_wechat_user:-1;
ecs_wechat_user_group:-1;
ecs_wholesale:-1;
